<?xml version="1.0" encoding="UTF-8"?>
<!-- Generated by org.testng.reporters.JUnitXMLReporter -->
<testsuite hostname="DESKTOP-RTS8LFV" ignored="0" name="Default test" tests="3" failures="0" timestamp="2020-03-08T00:44:13 IST" time="4.102" errors="0">
  <testcase name="@BeforeMethod startApp" time="-1.583608453202E9" classname="projectBase.ProjectSpecificMethods">
    <failure type="org.testng.TestNGException" message="
Parameter &amp;apos;url&amp;apos; is required by BeforeMethod on method startApp but has not been marked @Optional or defined
in C:\Users\Yaazhisai\AppData\Local\Temp\testng-eclipse-1738771418\testng-customsuite.xml">
      <![CDATA[org.testng.TestNGException: 
Parameter 'url' is required by BeforeMethod on method startApp but has not been marked @Optional or defined
in C:\Users\Yaazhisai\AppData\Local\Temp\testng-eclipse-1738771418\testng-customsuite.xml
at org.testng.internal.Parameters.createParams(Parameters.java:323)
at org.testng.internal.Parameters.createParametersForMethod(Parameters.java:411)
at org.testng.internal.Parameters.createParameters(Parameters.java:734)
at org.testng.internal.Parameters.createConfigurationParameters(Parameters.java:197)
at org.testng.internal.Invoker.invokeConfigurations(Invoker.java:222)
at org.testng.internal.Invoker.invokeMethod(Invoker.java:581)
at org.testng.internal.Invoker.invokeTestMethod(Invoker.java:792)
at org.testng.internal.Invoker.invokeTestMethods(Invoker.java:1103)
at org.testng.internal.TestMethodWorker.invokeTestMethods(TestMethodWorker.java:140)
at org.testng.internal.TestMethodWorker.run(TestMethodWorker.java:122)
at org.testng.TestRunner.privateRun(TestRunner.java:739)
at org.testng.TestRunner.run(TestRunner.java:589)
at org.testng.SuiteRunner.runTest(SuiteRunner.java:398)
at org.testng.SuiteRunner.runSequentially(SuiteRunner.java:392)
at org.testng.SuiteRunner.privateRun(SuiteRunner.java:354)
at org.testng.SuiteRunner.run(SuiteRunner.java:302)
at org.testng.SuiteRunnerWorker.runSuite(SuiteRunnerWorker.java:53)
at org.testng.SuiteRunnerWorker.run(SuiteRunnerWorker.java:96)
at org.testng.TestNG.runSuitesSequentially(TestNG.java:1145)
at org.testng.TestNG.runSuitesLocally(TestNG.java:1067)
at org.testng.TestNG.runSuites(TestNG.java:997)
at org.testng.TestNG.run(TestNG.java:965)
at org.testng.remote.AbstractRemoteTestNG.run(AbstractRemoteTestNG.java:115)
at org.testng.remote.RemoteTestNG.initAndRun(RemoteTestNG.java:251)
at org.testng.remote.RemoteTestNG.main(RemoteTestNG.java:77)
]]>
    </failure>
  </testcase> <!-- @BeforeMethod startApp -->
  <testcase name="@AfterMethod closeApp" time="-1.583608453297E9" classname="projectBase.ProjectSpecificMethods">
    <skipped/>
  </testcase> <!-- @AfterMethod closeApp -->
  <testcase name="@BeforeMethod startApp" time="-1.583608453307E9" classname="projectBase.ProjectSpecificMethods">
    <skipped/>
  </testcase> <!-- @BeforeMethod startApp -->
  <testcase name="@AfterMethod closeApp" time="-1.583608453334E9" classname="projectBase.ProjectSpecificMethods">
    <skipped/>
  </testcase> <!-- @AfterMethod closeApp -->
  <testcase name="@BeforeMethod startApp" time="-1.583608453343E9" classname="projectBase.ProjectSpecificMethods">
    <skipped/>
  </testcase> <!-- @BeforeMethod startApp -->
  <testcase name="@AfterMethod closeApp" time="-1.583608453437E9" classname="projectBase.ProjectSpecificMethods">
    <skipped/>
  </testcase> <!-- @AfterMethod closeApp -->
  <testcase name="fastestFlightPrice" time="0.0" classname="testcases.TC001_Fastest_Flight_Price">
    <skipped/>
  </testcase> <!-- fastestFlightPrice -->
  <testcase name="fastestFlightPrice" time="0.0" classname="testcases.TC001_Fastest_Flight_Price">
    <skipped/>
  </testcase> <!-- fastestFlightPrice -->
  <testcase name="fastestFlightPrice" time="0.0" classname="testcases.TC001_Fastest_Flight_Price">
    <skipped/>
  </testcase> <!-- fastestFlightPrice -->
</testsuite> <!-- Default test -->
